This is pdfTeX, Version 3.141592653-2.6-1.40.25 (TeX Live 2023) (preloaded format=pdflatex 2023.7.21)  2 AUG 2023 12:14
entering extended mode
 restricted \write18 enabled.
 file:line:error style messages enabled.
 %&-line parsing enabled.
**/Users/dineshpalli/fleet/masterthesis/My_Masters_Thesis.tex
(/Users/dineshpalli/fleet/masterthesis/My_Masters_Thesis.tex
LaTeX2e <2022-11-01> patch level 1
L3 programming layer <2023-02-22> (/usr/local/texlive/2023/texmf-dist/tex/latex/base/article.cls
Document Class: article 2022/07/02 v1.4n Standard LaTeX document class
(/usr/local/texlive/2023/texmf-dist/tex/latex/base/size12.clo
File: size12.clo 2022/07/02 v1.4n Standard LaTeX file (size option)
)
\c@part=\count185
\c@section=\count186
\c@subsection=\count187
\c@subsubsection=\count188
\c@paragraph=\count189
\c@subparagraph=\count190
\c@figure=\count191
\c@table=\count192
\abovecaptionskip=\skip48
\belowcaptionskip=\skip49
\bibindent=\dimen140
) (/usr/local/texlive/2023/texmf-dist/tex/latex/setspace/setspace.sty
Package: setspace 2022/12/04 v6.7b set line spacing
) (/usr/local/texlive/2023/texmf-dist/tex/latex/graphics/graphicx.sty
Package: graphicx 2021/09/16 v1.2d Enhanced LaTeX Graphics (DPC,SPQR)
 (/usr/local/texlive/2023/texmf-dist/tex/latex/graphics/keyval.sty
Package: keyval 2022/05/29 v1.15 key=value parser (DPC)
\KV@toks@=\toks16
) (/usr/local/texlive/2023/texmf-dist/tex/latex/graphics/graphics.sty
Package: graphics 2022/03/10 v1.4e Standard LaTeX Graphics (DPC,SPQR)
 (/usr/local/texlive/2023/texmf-dist/tex/latex/graphics/trig.sty
Package: trig 2021/08/11 v1.11 sin cos tan (DPC)
) (/usr/local/texlive/2023/texmf-dist/tex/latex/graphics-cfg/graphics.cfg
File: graphics.cfg 2016/06/04 v1.11 sample graphics configuration
)
Package graphics Info: Driver file: pdftex.def on input line 107.
 (/usr/local/texlive/2023/texmf-dist/tex/latex/graphics-def/pdftex.def
File: pdftex.def 2022/09/22 v1.2b Graphics/color driver for pdftex
))
\Gin@req@height=\dimen141
\Gin@req@width=\dimen142
) (/usr/local/texlive/2023/texmf-dist/tex/latex/svg/svg.sty
Package: svg 2020/11/26 v2.02k (include SVG pictures)
 (/usr/local/texlive/2023/texmf-dist/tex/generic/iftex/iftex.sty
Package: iftex 2022/02/03 v1.0f TeX engine tests
) (/usr/local/texlive/2023/texmf-dist/tex/latex/koma-script/scrbase.sty
Package: scrbase 2022/10/12 v3.38 KOMA-Script package (KOMA-Script-independent basics and keyval usage)
 (/usr/local/texlive/2023/texmf-dist/tex/latex/koma-script/scrlfile.sty
Package: scrlfile 2022/10/12 v3.38 KOMA-Script package (file load hooks)
 (/usr/local/texlive/2023/texmf-dist/tex/latex/koma-script/scrlfile-hook.sty
Package: scrlfile-hook 2022/10/12 v3.38 KOMA-Script package (using LaTeX hooks)
 (/usr/local/texlive/2023/texmf-dist/tex/latex/koma-script/scrlogo.sty
Package: scrlogo 2022/10/12 v3.38 KOMA-Script package (logo)
)))
Applying: [2021/05/01] Usage of raw or classic option list on input line 252.
Already applied: [0000/00/00] Usage of raw or classic option list on input line 368.
) (/usr/local/texlive/2023/texmf-dist/tex/generic/pdftexcmds/pdftexcmds.sty
Package: pdftexcmds 2020-06-27 v0.33 Utility functions of pdfTeX for LuaTeX (HO)
 (/usr/local/texlive/2023/texmf-dist/tex/generic/infwarerr/infwarerr.sty
Package: infwarerr 2019/12/03 v1.5 Providing info/warning/error messages (HO)
) (/usr/local/texlive/2023/texmf-dist/tex/generic/ltxcmds/ltxcmds.sty
Package: ltxcmds 2020-05-10 v1.25 LaTeX kernel commands for general use (HO)
)
Package pdftexcmds Info: \pdf@primitive is available.
Package pdftexcmds Info: \pdf@ifprimitive is available.
Package pdftexcmds Info: \pdfdraftmode found.
) (/usr/local/texlive/2023/texmf-dist/tex/latex/trimspaces/trimspaces.sty
Package: trimspaces 2009/09/17 v1.1 Trim spaces around a token list
) (/usr/local/texlive/2023/texmf-dist/tex/latex/tools/shellesc.sty
Package: shellesc 2019/11/08 v1.0c unified shell escape interface for LaTeX
Package shellesc Info: Restricted shell escape enabled on input line 77.
)
\c@svg@param@lastpage=\count193
\svg@box=\box51
\c@svg@param@currpage=\count194
) (/usr/local/texlive/2023/texmf-dist/tex/latex/xcolor/xcolor.sty
Package: xcolor 2022/06/12 v2.14 LaTeX color extensions (UK)
 (/usr/local/texlive/2023/texmf-dist/tex/latex/graphics-cfg/color.cfg
File: color.cfg 2016/01/02 v1.6 sample color configuration
)
Package xcolor Info: Driver file: pdftex.def on input line 227.
 (/usr/local/texlive/2023/texmf-dist/tex/latex/graphics/mathcolor.ltx)
Package xcolor Info: Model `cmy' substituted by `cmy0' on input line 1353.
Package xcolor Info: Model `hsb' substituted by `rgb' on input line 1357.
Package xcolor Info: Model `RGB' extended on input line 1369.
Package xcolor Info: Model `HTML' substituted by `rgb' on input line 1371.
Package xcolor Info: Model `Hsb' substituted by `hsb' on input line 1372.
Package xcolor Info: Model `tHsb' substituted by `hsb' on input line 1373.
Package xcolor Info: Model `HSB' substituted by `hsb' on input line 1374.
Package xcolor Info: Model `Gray' substituted by `gray' on input line 1375.
Package xcolor Info: Model `wave' substituted by `hsb' on input line 1376.
) (/usr/local/texlive/2023/texmf-dist/tex/latex/transparent/transparent.sty
Package: transparent 2022-10-27 v1.5 Transparency with color stacks
 (/usr/local/texlive/2023/texmf-dist/tex/latex/transparent/transparent-nometadata.sty
Package: transparent-nometadata 2022-10-27 v1.5 Transparency via pdfTeX's color stack (HO)
 (/usr/local/texlive/2023/texmf-dist/tex/latex/auxhook/auxhook.sty
Package: auxhook 2019-12-17 v1.6 Hooks for auxiliary files (HO)
))) (/usr/local/texlive/2023/texmf-dist/tex/latex/pgf/systemlayer/pgfsys.sty (/usr/local/texlive/2023/texmf-dist/tex/latex/pgf/utilities/pgfrcs.sty (/usr/local/texlive/2023/texmf-dist/tex/generic/pgf/utilities/pgfutil-common.tex
\pgfutil@everybye=\toks17
\pgfutil@tempdima=\dimen143
\pgfutil@tempdimb=\dimen144
) (/usr/local/texlive/2023/texmf-dist/tex/generic/pgf/utilities/pgfutil-latex.def
\pgfutil@abb=\box52
) (/usr/local/texlive/2023/texmf-dist/tex/generic/pgf/utilities/pgfrcs.code.tex (/usr/local/texlive/2023/texmf-dist/tex/generic/pgf/pgf.revision.tex)
Package: pgfrcs 2023-01-15 v3.1.10 (3.1.10)
)) (/usr/local/texlive/2023/texmf-dist/tex/generic/pgf/systemlayer/pgfsys.code.tex
Package: pgfsys 2023-01-15 v3.1.10 (3.1.10)
 (/usr/local/texlive/2023/texmf-dist/tex/generic/pgf/utilities/pgfkeys.code.tex
\pgfkeys@pathtoks=\toks18
\pgfkeys@temptoks=\toks19
 (/usr/local/texlive/2023/texmf-dist/tex/generic/pgf/utilities/pgfkeyslibraryfiltered.code.tex
\pgfkeys@tmptoks=\toks20
))
\pgf@x=\dimen145
\pgf@y=\dimen146
\pgf@xa=\dimen147
\pgf@ya=\dimen148
\pgf@xb=\dimen149
\pgf@yb=\dimen150
\pgf@xc=\dimen151
\pgf@yc=\dimen152
\pgf@xd=\dimen153
\pgf@yd=\dimen154
\w@pgf@writea=\write3
\r@pgf@reada=\read2
\c@pgf@counta=\count195
\c@pgf@countb=\count196
\c@pgf@countc=\count197
\c@pgf@countd=\count198
\t@pgf@toka=\toks21
\t@pgf@tokb=\toks22
\t@pgf@tokc=\toks23
\pgf@sys@id@count=\count199
 (/usr/local/texlive/2023/texmf-dist/tex/generic/pgf/systemlayer/pgf.cfg
File: pgf.cfg 2023-01-15 v3.1.10 (3.1.10)
)
Driver file for pgf: pgfsys-pdftex.def
 (/usr/local/texlive/2023/texmf-dist/tex/generic/pgf/systemlayer/pgfsys-pdftex.def
File: pgfsys-pdftex.def 2023-01-15 v3.1.10 (3.1.10)
 (/usr/local/texlive/2023/texmf-dist/tex/generic/pgf/systemlayer/pgfsys-common-pdf.def
File: pgfsys-common-pdf.def 2023-01-15 v3.1.10 (3.1.10)
))) (/usr/local/texlive/2023/texmf-dist/tex/generic/pgf/systemlayer/pgfsyssoftpath.code.tex
File: pgfsyssoftpath.code.tex 2023-01-15 v3.1.10 (3.1.10)
\pgfsyssoftpath@smallbuffer@items=\count266
\pgfsyssoftpath@bigbuffer@items=\count267
) (/usr/local/texlive/2023/texmf-dist/tex/generic/pgf/systemlayer/pgfsysprotocol.code.tex
File: pgfsysprotocol.code.tex 2023-01-15 v3.1.10 (3.1.10)
)) (/usr/local/texlive/2023/texmf-dist/tex/latex/base/alltt.sty
Package: alltt 2021/01/29 v2.0g defines alltt environment
) (/usr/local/texlive/2023/texmf-dist/tex/latex/caption/caption.sty
Package: caption 2023/03/12 v3.6j Customizing captions (AR)
 (/usr/local/texlive/2023/texmf-dist/tex/latex/caption/caption3.sty
Package: caption3 2023/03/12 v2.4 caption3 kernel (AR)
\caption@tempdima=\dimen155
\captionmargin=\dimen156
\caption@leftmargin=\dimen157
\caption@rightmargin=\dimen158
\caption@width=\dimen159
\caption@indent=\dimen160
\caption@parindent=\dimen161
\caption@hangindent=\dimen162
Package caption Info: Standard document class detected.
)
\c@caption@flags=\count268
\c@continuedfloat=\count269
) (/usr/local/texlive/2023/texmf-dist/tex/latex/caption/subcaption.sty
Package: subcaption 2023/02/19 v1.6 Sub-captions (AR)
Package caption Info: New subtype `subfigure' on input line 239.
\c@subfigure=\count270
Package caption Info: New subtype `subtable' on input line 239.
\c@subtable=\count271
) (/usr/local/texlive/2023/texmf-dist/tex/latex/tools/tabularx.sty
Package: tabularx 2020/01/15 v2.11c `tabularx' package (DPC)
 (/usr/local/texlive/2023/texmf-dist/tex/latex/tools/array.sty
Package: array 2022/09/04 v2.5g Tabular extension package (FMi)
\col@sep=\dimen163
\ar@mcellbox=\box53
\extrarowheight=\dimen164
\NC@list=\toks24
\extratabsurround=\skip50
\backup@length=\skip51
\ar@cellbox=\box54
)
\TX@col@width=\dimen165
\TX@old@table=\dimen166
\TX@old@col=\dimen167
\TX@target=\dimen168
\TX@delta=\dimen169
\TX@cols=\count272
\TX@ftn=\toks25
) (/usr/local/texlive/2023/texmf-dist/tex/latex/pdfpages/pdfpages.sty
Package: pdfpages 2022/12/19 v0.5x Insert pages of external PDF documents (AM)
 (/usr/local/texlive/2023/texmf-dist/tex/latex/base/ifthen.sty
Package: ifthen 2022/04/13 v1.1d Standard LaTeX ifthen package (DPC)
) (/usr/local/texlive/2023/texmf-dist/tex/latex/tools/calc.sty
Package: calc 2017/05/25 v4.3 Infix arithmetic (KKT,FJ)
\calc@Acount=\count273
\calc@Bcount=\count274
\calc@Adimen=\dimen170
\calc@Bdimen=\dimen171
\calc@Askip=\skip52
\calc@Bskip=\skip53
LaTeX Info: Redefining \setlength on input line 80.
LaTeX Info: Redefining \addtolength on input line 81.
\calc@Ccount=\count275
\calc@Cskip=\skip54
) (/usr/local/texlive/2023/texmf-dist/tex/latex/eso-pic/eso-pic.sty
Package: eso-pic 2020/10/14 v3.0a eso-pic (RN)
\ESO@tempdima=\dimen172
\ESO@tempdimb=\dimen173
)
\AM@pagewidth=\dimen174
\AM@pageheight=\dimen175
\AM@fboxrule=\dimen176
 (/usr/local/texlive/2023/texmf-dist/tex/latex/pdfpages/pppdftex.def
File: pppdftex.def 2022/12/19 v0.5x Pdfpages driver for pdfTeX (AM)
)
\pdfpages@includegraphics@status=\count276
\AM@pagebox=\box55
\AM@global@opts=\toks26
\AM@pagecnt=\count277
\AM@toc@title=\toks27
\AM@lof@heading=\toks28
\c@AM@survey=\count278
\AM@templatesizebox=\box56
) (/usr/local/texlive/2023/texmf-dist/tex/latex/booktabs/booktabs.sty
Package: booktabs 2020/01/12 v1.61803398 Publication quality tables
\heavyrulewidth=\dimen177
\lightrulewidth=\dimen178
\cmidrulewidth=\dimen179
\belowrulesep=\dimen180
\belowbottomsep=\dimen181
\aboverulesep=\dimen182
\abovetopsep=\dimen183
\cmidrulesep=\dimen184
\cmidrulekern=\dimen185
\defaultaddspace=\dimen186
\@cmidla=\count279
\@cmidlb=\count280
\@aboverulesep=\dimen187
\@belowrulesep=\dimen188
\@thisruleclass=\count281
\@lastruleclass=\count282
\@thisrulewidth=\dimen189
) (/usr/local/texlive/2023/texmf-dist/tex/latex/geometry/geometry.sty
Package: geometry 2020/01/02 v5.9 Page Geometry
 (/usr/local/texlive/2023/texmf-dist/tex/generic/iftex/ifvtex.sty
Package: ifvtex 2019/10/25 v1.7 ifvtex legacy package. Use iftex instead.
)
\Gm@cnth=\count283
\Gm@cntv=\count284
\c@Gm@tempcnt=\count285
\Gm@bindingoffset=\dimen190
\Gm@wd@mp=\dimen191
\Gm@odd@mp=\dimen192
\Gm@even@mp=\dimen193
\Gm@layoutwidth=\dimen194
\Gm@layoutheight=\dimen195
\Gm@layouthoffset=\dimen196
\Gm@layoutvoffset=\dimen197
\Gm@dimlist=\toks29
) (/usr/local/texlive/2023/texmf-dist/tex/latex/base/inputenc.sty
Package: inputenc 2021/02/14 v1.3d Input encoding file
\inpenc@prehook=\toks30
\inpenc@posthook=\toks31
) (/usr/local/texlive/2023/texmf-dist/tex/latex/natbib/natbib.sty
Package: natbib 2010/09/13 8.31b (PWD, AO)
\bibhang=\skip55
\bibsep=\skip56
LaTeX Info: Redefining \cite on input line 694.
\c@NAT@ctr=\count286
) (/usr/local/texlive/2023/texmf-dist/tex/latex/fancyhdr/fancyhdr.sty
Package: fancyhdr 2022/11/09 v4.1 Extensive control of page headers and footers
\f@nch@headwidth=\skip57
\f@nch@O@elh=\skip58
\f@nch@O@erh=\skip59
\f@nch@O@olh=\skip60
\f@nch@O@orh=\skip61
\f@nch@O@elf=\skip62
\f@nch@O@erf=\skip63
\f@nch@O@olf=\skip64
\f@nch@O@orf=\skip65
) (/usr/local/texlive/2023/texmf-dist/tex/latex/hyperref/hyperref.sty
Package: hyperref 2023-02-07 v7.00v Hypertext links for LaTeX
 (/usr/local/texlive/2023/texmf-dist/tex/latex/kvsetkeys/kvsetkeys.sty
Package: kvsetkeys 2022-10-05 v1.19 Key value parser (HO)
) (/usr/local/texlive/2023/texmf-dist/tex/generic/kvdefinekeys/kvdefinekeys.sty
Package: kvdefinekeys 2019-12-19 v1.6 Define keys (HO)
) (/usr/local/texlive/2023/texmf-dist/tex/generic/pdfescape/pdfescape.sty
Package: pdfescape 2019/12/09 v1.15 Implements pdfTeX's escape features (HO)
) (/usr/local/texlive/2023/texmf-dist/tex/latex/hycolor/hycolor.sty
Package: hycolor 2020-01-27 v1.10 Color options for hyperref/bookmark (HO)
) (/usr/local/texlive/2023/texmf-dist/tex/latex/letltxmacro/letltxmacro.sty
Package: letltxmacro 2019/12/03 v1.6 Let assignment for LaTeX macros (HO)
) (/usr/local/texlive/2023/texmf-dist/tex/latex/hyperref/nameref.sty
Package: nameref 2022-05-17 v2.50 Cross-referencing by name of section
 (/usr/local/texlive/2023/texmf-dist/tex/latex/refcount/refcount.sty
Package: refcount 2019/12/15 v3.6 Data extraction from label references (HO)
) (/usr/local/texlive/2023/texmf-dist/tex/generic/gettitlestring/gettitlestring.sty
Package: gettitlestring 2019/12/15 v1.6 Cleanup title references (HO)
 (/usr/local/texlive/2023/texmf-dist/tex/latex/kvoptions/kvoptions.sty
Package: kvoptions 2022-06-15 v3.15 Key value format for package options (HO)
))
\c@section@level=\count287
)
\@linkdim=\dimen198
\Hy@linkcounter=\count288
\Hy@pagecounter=\count289
 (/usr/local/texlive/2023/texmf-dist/tex/latex/hyperref/pd1enc.def
File: pd1enc.def 2023-02-07 v7.00v Hyperref: PDFDocEncoding definition (HO)
Now handling font encoding PD1 ...
... no UTF-8 mapping file for font encoding PD1
) (/usr/local/texlive/2023/texmf-dist/tex/generic/intcalc/intcalc.sty
Package: intcalc 2019/12/15 v1.3 Expandable calculations with integers (HO)
) (/usr/local/texlive/2023/texmf-dist/tex/generic/etexcmds/etexcmds.sty
Package: etexcmds 2019/12/15 v1.7 Avoid name clashes with e-TeX commands (HO)
)
\Hy@SavedSpaceFactor=\count290
 (/usr/local/texlive/2023/texmf-dist/tex/latex/hyperref/puenc.def
File: puenc.def 2023-02-07 v7.00v Hyperref: PDF Unicode definition (HO)
Now handling font encoding PU ...
... no UTF-8 mapping file for font encoding PU
)
Package hyperref Info: Hyper figures OFF on input line 4177.
Package hyperref Info: Link nesting OFF on input line 4182.
Package hyperref Info: Hyper index ON on input line 4185.
Package hyperref Info: Plain pages OFF on input line 4192.
Package hyperref Info: Backreferencing OFF on input line 4197.
Package hyperref Info: Implicit mode ON; LaTeX internals redefined.
Package hyperref Info: Bookmarks ON on input line 4425.
\c@Hy@tempcnt=\count291
 (/usr/local/texlive/2023/texmf-dist/tex/latex/url/url.sty
\Urlmuskip=\muskip16
Package: url 2013/09/16  ver 3.4  Verb mode for urls, etc.
)
LaTeX Info: Redefining \url on input line 4763.
\XeTeXLinkMargin=\dimen199
 (/usr/local/texlive/2023/texmf-dist/tex/generic/bitset/bitset.sty
Package: bitset 2019/12/09 v1.3 Handle bit-vector datatype (HO)
 (/usr/local/texlive/2023/texmf-dist/tex/generic/bigintcalc/bigintcalc.sty
Package: bigintcalc 2019/12/15 v1.5 Expandable calculations on big integers (HO)
))
\Fld@menulength=\count292
\Field@Width=\dimen256
\Fld@charsize=\dimen257
Package hyperref Info: Hyper figures OFF on input line 6042.
Package hyperref Info: Link nesting OFF on input line 6047.
Package hyperref Info: Hyper index ON on input line 6050.
Package hyperref Info: backreferencing OFF on input line 6057.
Package hyperref Info: Link coloring OFF on input line 6062.
Package hyperref Info: Link coloring with OCG OFF on input line 6067.
Package hyperref Info: PDF/A mode OFF on input line 6072.
 (/usr/local/texlive/2023/texmf-dist/tex/latex/base/atbegshi-ltx.sty
Package: atbegshi-ltx 2021/01/10 v1.0c Emulation of the original atbegshi
package with kernel methods
)
\Hy@abspage=\count293
\c@Item=\count294
\c@Hfootnote=\count295
)
Package hyperref Info: Driver (autodetected): hpdftex.
 (/usr/local/texlive/2023/texmf-dist/tex/latex/hyperref/hpdftex.def
File: hpdftex.def 2023-02-07 v7.00v Hyperref driver for pdfTeX
 (/usr/local/texlive/2023/texmf-dist/tex/latex/base/atveryend-ltx.sty
Package: atveryend-ltx 2020/08/19 v1.0a Emulation of the original atveryend package
with kernel methods
)
\Fld@listcount=\count296
\c@bookmark@seq@number=\count297
 (/usr/local/texlive/2023/texmf-dist/tex/latex/rerunfilecheck/rerunfilecheck.sty
Package: rerunfilecheck 2022-07-10 v1.10 Rerun checks for auxiliary files (HO)
 (/usr/local/texlive/2023/texmf-dist/tex/generic/uniquecounter/uniquecounter.sty
Package: uniquecounter 2019/12/15 v1.4 Provide unlimited unique counter (HO)
)
Package uniquecounter Info: New unique counter `rerunfilecheck' on input line 285.
)
\Hy@SectionHShift=\skip66
)
Package hyperref Info: Option `colorlinks' set `true' on input line 34.
 (/usr/local/texlive/2023/texmf-dist/tex/latex/upquote/upquote.sty
Package: upquote 2012/04/19 v1.3 upright-quote and grave-accent glyphs in verbatim
) (/usr/local/texlive/2023/texmf-dist/tex/latex/l3backend/l3backend-pdftex.def
File: l3backend-pdftex.def 2023-01-16 L3 backend support: PDF output (pdfTeX)
\l__color_backend_stack_int=\count298
\l__pdf_internal_box=\box57
) (./My_Masters_Thesis.aux)
\openout1 = `My_Masters_Thesis.aux'.

LaTeX Font Info:    Checking defaults for OML/cmm/m/it on input line 50.
LaTeX Font Info:    ... okay on input line 50.
LaTeX Font Info:    Checking defaults for OMS/cmsy/m/n on input line 50.
LaTeX Font Info:    ... okay on input line 50.
LaTeX Font Info:    Checking defaults for OT1/cmr/m/n on input line 50.
LaTeX Font Info:    ... okay on input line 50.
LaTeX Font Info:    Checking defaults for T1/cmr/m/n on input line 50.
LaTeX Font Info:    ... okay on input line 50.
LaTeX Font Info:    Checking defaults for TS1/cmr/m/n on input line 50.
LaTeX Font Info:    ... okay on input line 50.
LaTeX Font Info:    Checking defaults for OMX/cmex/m/n on input line 50.
LaTeX Font Info:    ... okay on input line 50.
LaTeX Font Info:    Checking defaults for U/cmr/m/n on input line 50.
LaTeX Font Info:    ... okay on input line 50.
LaTeX Font Info:    Checking defaults for PD1/pdf/m/n on input line 50.
LaTeX Font Info:    ... okay on input line 50.
LaTeX Font Info:    Checking defaults for PU/pdf/m/n on input line 50.
LaTeX Font Info:    ... okay on input line 50.
 (/usr/local/texlive/2023/texmf-dist/tex/context/base/mkii/supp-pdf.mkii
[Loading MPS to PDF converter (version 2006.09.02).]
\scratchcounter=\count299
\scratchdimen=\dimen258
\scratchbox=\box58
\nofMPsegments=\count300
\nofMParguments=\count301
\everyMPshowfont=\toks32
\MPscratchCnt=\count302
\MPscratchDim=\dimen259
\MPnumerator=\count303
\makeMPintoPDFobject=\count304
\everyMPtoPDFconversion=\toks33
) (/usr/local/texlive/2023/texmf-dist/tex/latex/epstopdf-pkg/epstopdf-base.sty
Package: epstopdf-base 2020-01-24 v2.11 Base part for package epstopdf
Package epstopdf-base Info: Redefining graphics rule for `.eps' on input line 485.
 (/usr/local/texlive/2023/texmf-dist/tex/latex/latexconfig/epstopdf-sys.cfg
File: epstopdf-sys.cfg 2010/07/13 v1.3 Configuration of (r)epstopdf for TeX Live
))
Package caption Info: Begin \AtBeginDocument code.
Package caption Info: hyperref package is loaded.
Package caption Info: End \AtBeginDocument code.
 (/usr/local/texlive/2023/texmf-dist/tex/latex/pdflscape/pdflscape.sty
Package: pdflscape 2022-10-27 v0.13 Display of landscape pages in PDF
 (/usr/local/texlive/2023/texmf-dist/tex/latex/pdflscape/pdflscape-nometadata.sty
Package: pdflscape-nometadata 2022-10-28 v0.13 Display of landscape pages in PDF (HO)
 (/usr/local/texlive/2023/texmf-dist/tex/latex/graphics/lscape.sty
Package: lscape 2020/05/28 v3.02 Landscape Pages (DPC)
)
Package pdflscape Info: Auto-detected driver: pdftex on input line 81.
))
*geometry* driver: auto-detecting
*geometry* detected driver: pdftex
*geometry* verbose mode - [ preamble ] result:
* driver: pdftex
* paper: a4paper
* layout: <same size as paper>
* layoutoffset:(h,v)=(0.0pt,0.0pt)
* modes: 
* h-part:(L,W,R)=(71.1319pt, 455.24408pt, 71.1319pt)
* v-part:(T,H,B)=(99.58464pt, 660.10394pt, 85.35826pt)
* \paperwidth=597.50787pt
* \paperheight=845.04684pt
* \textwidth=455.24408pt
* \textheight=660.10394pt
* \oddsidemargin=-1.13809pt
* \evensidemargin=-1.13809pt
* \topmargin=-9.68535pt
* \headheight=14.5pt
* \headsep=25.0pt
* \topskip=12.0pt
* \footskip=30.0pt
* \marginparwidth=35.0pt
* \marginparsep=10.0pt
* \columnsep=10.0pt
* \skip\footins=10.8pt plus 4.0pt minus 2.0pt
* \hoffset=0.0pt
* \voffset=0.0pt
* \mag=1000
* \@twocolumnfalse
* \@twosidefalse
* \@mparswitchfalse
* \@reversemarginfalse
* (1in=72.27pt=25.4mm, 1cm=28.453pt)

Package hyperref Info: Link coloring ON on input line 50.
\@outlinefile=\write4
\openout4 = `My_Masters_Thesis.out'.

LaTeX Font Info:    External font `cmex10' loaded for size
(Font)              <14.4> on input line 81.
LaTeX Font Info:    External font `cmex10' loaded for size
(Font)              <7> on input line 81.

LaTeX Warning: File `DineshPalliMasterThesis/Figures/sigillum.png' not found on input line 85.


/Users/dineshpalli/fleet/masterthesis/My_Masters_Thesis.tex:85: Package pdftex.def Error: File `DineshPalliMasterThesis/Figures/sigillum.png' not found: using draft setting.

See the pdftex.def package documentation for explanation.
Type  H <return>  for immediate help.
 ...                                              
                                                  
l.85 ...eshPalliMasterThesis/Figures/sigillum.png}
                                                  
Try typing  <return>  to proceed.
If that doesn't work, type  X <return>  to quit.

[1

{/usr/local/texlive/2023/texmf-var/fonts/map/pdftex/updmap/pdftex.map}]

pdfTeX warning: pdflatex (file ./Attachments/quote.pdf): PDF inclusion: found PDF version <1.7>, but at most version <1.5> allowed
<Attachments/quote.pdf, id=17, 597.4822pt x 845.1575pt>
File: Attachments/quote.pdf Graphic file (type pdf)
<use Attachments/quote.pdf>
Package pdftex.def Info: Attachments/quote.pdf  used on input line 99.
(pdftex.def)             Requested size: 597.48073pt x 845.15544pt.


pdfTeX warning: pdflatex (file ./Attachments/quote.pdf): PDF inclusion: found PDF version <1.7>, but at most version <1.5> allowed
File: Attachments/quote.pdf Graphic file (type pdf)
<use Attachments/quote.pdf>
Package pdftex.def Info: Attachments/quote.pdf  used on input line 99.
(pdftex.def)             Requested size: 597.48073pt x 845.15544pt.


pdfTeX warning: pdflatex (file ./Attachments/quote.pdf): PDF inclusion: found PDF version <1.7>, but at most version <1.5> allowed


pdfTeX warning: pdflatex (file ./Attachments/quote.pdf): PDF inclusion: found PDF version <1.7>, but at most version <1.5> allowed
<Attachments/quote.pdf, id=20, page=1, 597.4822pt x 845.1575pt>
File: Attachments/quote.pdf Graphic file (type pdf)
<use Attachments/quote.pdf, page 1>
Package pdftex.def Info: Attachments/quote.pdf , page1 used on input line 99.
(pdftex.def)             Requested size: 597.48073pt x 845.15544pt.
File: Attachments/quote.pdf Graphic file (type pdf)
<use Attachments/quote.pdf, page 1>
Package pdftex.def Info: Attachments/quote.pdf , page1 used on input line 99.
(pdftex.def)             Requested size: 597.50807pt x 845.19412pt.
File: Attachments/quote.pdf Graphic file (type pdf)
<use Attachments/quote.pdf, page 1>
Package pdftex.def Info: Attachments/quote.pdf , page1 used on input line 99.
(pdftex.def)             Requested size: 597.50807pt x 845.19412pt.
File: Attachments/quote.pdf Graphic file (type pdf)
<use Attachments/quote.pdf, page 1>
Package pdftex.def Info: Attachments/quote.pdf , page1 used on input line 99.
(pdftex.def)             Requested size: 597.50807pt x 845.19412pt.

pdfTeX warning (ext4): destination with the same identifier (name{page.1}) has been already used, duplicate ignored
<to be read again> 
                   \relax 
l.99 \includepdf{Attachments/quote.pdf}
                                       
File: Attachments/quote.pdf Graphic file (type pdf)
<use Attachments/quote.pdf, page 1>
Package pdftex.def Info: Attachments/quote.pdf , page1 used on input line 99.
(pdftex.def)             Requested size: 597.50807pt x 845.19412pt.
 [1 <./Attachments/quote.pdf>]
No file My_Masters_Thesis.toc.
\tf@toc=\write5
\openout5 = `My_Masters_Thesis.toc'.

[1]
No file My_Masters_Thesis.lof.
\tf@lof=\write6
\openout6 = `My_Masters_Thesis.lof'.

[2]
No file My_Masters_Thesis.lot.
\tf@lot=\write7
\openout7 = `My_Masters_Thesis.lot'.

[3] (./chapters/Abstract.tex)
pdfTeX warning (ext4): destination with the same identifier (name{page.1}) has been already used, duplicate ignored
<to be read again> 
                   \relax 
l.128 \newpage
               [1] (./chapters/introduction.tex)

Package natbib Warning: Citation `Pegoraro2017-rs' on page 2 undefined on input line 134.


Package natbib Warning: Citation `https://doi.org/10.1002/bit.22833' on page 2 undefined on input line 134.


Package natbib Warning: Citation `vandereyken_sifrim_thienpont_voet_2023' on page 2 undefined on input line 134.


Package natbib Warning: Citation `liao_makris_luo_2016' on page 2 undefined on input line 134.


LaTeX Warning: Reference `flowcytometry' on page 2 undefined on input line 138.


Package natbib Warning: Citation `mckinnon_2018' on page 2 undefined on input line 138.


LaTeX Warning: Reference `flowcytometry' on page 2 undefined on input line 138.


Package natbib Warning: Citation `mckinnon_2018' on page 2 undefined on input line 138.


LaTeX Warning: File `DineshPalliMasterThesis/Figures/flow-cytometer.png' not found on input line 142.


/Users/dineshpalli/fleet/masterthesis/My_Masters_Thesis.tex:142: Package pdftex.def Error: File `DineshPalliMasterThesis/Figures/flow-cytometer.png' not found: using draft setting.

See the pdftex.def package documentation for explanation.
Type  H <return>  for immediate help.
 ...                                              
                                                  
l.142 ...iMasterThesis/Figures/flow-cytometer.png}
                                                  
Try typing  <return>  to proceed.
If that doesn't work, type  X <return>  to quit.


Package natbib Warning: Citation `aatbioFundamentalsFlow' on page 2 undefined on input line 143.


Package natbib Warning: Citation `aatbioFundamentalsFlow' on page 2 undefined on input line 143.


LaTeX Warning: Reference `fluorescencemicroscopy' on page 2 undefined on input line 147.


LaTeX Warning: Reference `fluorescencemicroscopy' on page 2 undefined on input line 147.


Package natbib Warning: Citation `sanderson_smith_parker_bootman_2014' on page 2 undefined on input line 147.


LaTeX Warning: File `DineshPalliMasterThesis/Figures/454px-Fluorescence_Microscopy_01.png' not found on input line 151.


/Users/dineshpalli/fleet/masterthesis/My_Masters_Thesis.tex:151: Package pdftex.def Error: File `DineshPalliMasterThesis/Figures/454px-Fluorescence_Microscopy_01.png' not found: using draft setting.

See the pdftex.def package documentation for explanation.
Type  H <return>  for immediate help.
 ...                                              
                                                  
l.151 ...res/454px-Fluorescence_Microscopy_01.png}
                                                  
Try typing  <return>  to proceed.
If that doesn't work, type  X <return>  to quit.


Package natbib Warning: Citation `cossarizza_chang_radbruch_acs_adam_adamklages_agace_aghaeepour_akdis_allez_et_al._2019' on page 2 undefined on input line 158.


Package natbib Warning: Citation `Espina2006-iv' on page 2 undefined on input line 158.


Package natbib Warning: Citation `doi:10.1126/science.abj3013' on page 2 undefined on input line 158.

[2] [3] [4]

Package natbib Warning: Citation `doi:10.1126/science.abj3013' on page 5 undefined on input line 160.


LaTeX Warning: Reference `icsworking' on page 5 undefined on input line 160.


Package natbib Warning: Citation `doi:10.1126/science.abj3013' on page 5 undefined on input line 160.


LaTeX Warning: Reference `icsworking' on page 5 undefined on input line 160.


Package natbib Warning: Citation `doi:10.1126/science.abj3013' on page 5 undefined on input line 162.


LaTeX Warning: Reference `icsdataprocessing' on page 5 undefined on input line 162.


Package natbib Warning: Citation `doi:10.1126/science.abj3013' on page 5 undefined on input line 162.


Package natbib Warning: Citation `doi:10.1126/science.abj3013' on page 5 undefined on input line 162.


LaTeX Warning: Reference `icsdataprocessing' on page 5 undefined on input line 162.


LaTeX Warning: Reference `sampleimgs' on page 5 undefined on input line 162.


LaTeX Warning: File `DineshPalliMasterThesis/Figures/ICS_working.png' not found on input line 167.


/Users/dineshpalli/fleet/masterthesis/My_Masters_Thesis.tex:167: Package pdftex.def Error: File `DineshPalliMasterThesis/Figures/ICS_working.png' not found: using draft setting.

See the pdftex.def package documentation for explanation.
Type  H <return>  for immediate help.
 ...                                              
                                                  
l.167 ...alliMasterThesis/Figures/ICS_working.png}
                                                  
Try typing  <return>  to proceed.
If that doesn't work, type  X <return>  to quit.


Package natbib Warning: Citation `doi:10.1126/science.abj3013' on page 5 undefined on input line 168.


Package natbib Warning: Citation `doi:10.1126/science.abj3013' on page 5 undefined on input line 168.


Package natbib Warning: Citation `10.3389/fimmu.2021.787574' on page 5 undefined on input line 175.


Package natbib Warning: Citation `mair_hartmann_mrdjen_tosevski_krieg_becher_2016' on page 5 undefined on input line 175.


Package natbib Warning: Citation `mair_hartmann_mrdjen_tosevski_krieg_becher_2016' on page 5 undefined on input line 175.

[5] [6]

Package natbib Warning: Citation `doi:10.1126/science.abj3013' on page 7 undefined on input line 177.


LaTeX Warning: File `DineshPalliMasterThesis/Figures/DataProcessingPipelineICS.png' not found on input line 183.


/Users/dineshpalli/fleet/masterthesis/My_Masters_Thesis.tex:183: Package pdftex.def Error: File `DineshPalliMasterThesis/Figures/DataProcessingPipelineICS.png' not found: using draft setting.

See the pdftex.def package documentation for explanation.
Type  H <return>  for immediate help.
 ...                                              
                                                  
l.183 ...is/Figures/DataProcessingPipelineICS.png}
                                                  
Try typing  <return>  to proceed.
If that doesn't work, type  X <return>  to quit.


Package natbib Warning: Citation `doi:10.1126/science.abj3013' on page 7 undefined on input line 184.


Package natbib Warning: Citation `doi:10.1126/science.abj3013' on page 7 undefined on input line 184.

[7] [8]
Overfull \hbox (8.75044pt too wide) in paragraph at lines 198--198
[]\OT1/cmr/bx/n/14.4 Deep Learning-based Em-bed-ding for Un-su-per-vised Cell-Type
 []

[9]

Package natbib Warning: Citation `xiang2004neighborhood' on page 10 undefined on input line 205.


Package natbib Warning: Citation `weinberger2004learning' on page 10 undefined on input line 207.


Package natbib Warning: Citation `zhang2011multi' on page 10 undefined on input line 209.


Package natbib Warning: Citation `yang2007linear' on page 10 undefined on input line 211.

[10] [11]

LaTeX Warning: Reference `sampleimgs' on page 12 undefined on input line 224.


LaTeX Warning: Reference `sampleimgs' on page 12 undefined on input line 225.


LaTeX Warning: File `DineshPalliMasterThesis/Figures/twosalmonellaesampleimg.png' not found on input line 232.


/Users/dineshpalli/fleet/masterthesis/My_Masters_Thesis.tex:232: Package pdftex.def Error: File `DineshPalliMasterThesis/Figures/twosalmonellaesampleimg.png' not found: using draft setting.

See the pdftex.def package documentation for explanation.
Type  H <return>  for immediate help.
 ...                                              
                                                  
l.232 ...esis/Figures/twosalmonellaesampleimg.png}
                                                  
Try typing  <return>  to proceed.
If that doesn't work, type  X <return>  to quit.


LaTeX Warning: File `DineshPalliMasterThesis/Figures/moresalmonellaesampleimg.png' not found on input line 238.


/Users/dineshpalli/fleet/masterthesis/My_Masters_Thesis.tex:238: Package pdftex.def Error: File `DineshPalliMasterThesis/Figures/moresalmonellaesampleimg.png' not found: using draft setting.

See the pdftex.def package documentation for explanation.
Type  H <return>  for immediate help.
 ...                                              
                                                  
l.238 ...sis/Figures/moresalmonellaesampleimg.png}
                                                  
Try typing  <return>  to proceed.
If that doesn't work, type  X <return>  to quit.


LaTeX Warning: File `DineshPalliMasterThesis/Figures/interphasesampleimg.png' not found on input line 244.


/Users/dineshpalli/fleet/masterthesis/My_Masters_Thesis.tex:244: Package pdftex.def Error: File `DineshPalliMasterThesis/Figures/interphasesampleimg.png' not found: using draft setting.

See the pdftex.def package documentation for explanation.
Type  H <return>  for immediate help.
 ...                                              
                                                  
l.244 ...erThesis/Figures/interphasesampleimg.png}
                                                  
Try typing  <return>  to proceed.
If that doesn't work, type  X <return>  to quit.


LaTeX Warning: File `DineshPalliMasterThesis/Figures/telophasesampleimg.png' not found on input line 250.


/Users/dineshpalli/fleet/masterthesis/My_Masters_Thesis.tex:250: Package pdftex.def Error: File `DineshPalliMasterThesis/Figures/telophasesampleimg.png' not found: using draft setting.

See the pdftex.def package documentation for explanation.
Type  H <return>  for immediate help.
 ...                                              
                                                  
l.250 ...terThesis/Figures/telophasesampleimg.png}
                                                  
Try typing  <return>  to proceed.
If that doesn't work, type  X <return>  to quit.


LaTeX Warning: Float too large for page by 1259.97408pt on input line 256.


LaTeX Warning: File `DineshPalliMasterThesis/Figures/sample_img_phytoplankton_cellcycle.png' not found on input line 260.


/Users/dineshpalli/fleet/masterthesis/My_Masters_Thesis.tex:260: Package pdftex.def Error: File `DineshPalliMasterThesis/Figures/sample_img_phytoplankton_cellcycle.png' not found: using draft setting.

See the pdftex.def package documentation for explanation.
Type  H <return>  for immediate help.
 ...                                              
                                                  
l.260 ...s/sample_img_phytoplankton_cellcycle.png}
                                                  
Try typing  <return>  to proceed.
If that doesn't work, type  X <return>  to quit.


Package natbib Warning: Citation `virshup_rybakov_theis_angerer_wolf_2021' on page 12 undefined on input line 269.


Package natbib Warning: Citation `virshup_rybakov_theis_angerer_wolf_2021' on page 12 undefined on input line 269.


LaTeX Warning: File `DineshPalliMasterThesis/Figures/anndata_schema.png' not found on input line 273.


/Users/dineshpalli/fleet/masterthesis/My_Masters_Thesis.tex:273: Package pdftex.def Error: File `DineshPalliMasterThesis/Figures/anndata_schema.png' not found: using draft setting.

See the pdftex.def package documentation for explanation.
Type  H <return>  for immediate help.
 ...                                              
                                                  
l.273 ...iMasterThesis/Figures/anndata_schema.png}
                                                  
Try typing  <return>  to proceed.
If that doesn't work, type  X <return>  to quit.


Package natbib Warning: Citation `wolf_angerer_theis_2018' on page 12 undefined on input line 278.


Package natbib Warning: Citation `wolf_angerer_theis_2018' on page 12 undefined on input line 278.

[12] [13] [14] [15]
LaTeX Font Info:    External font `cmex10' loaded for size
(Font)              <12> on input line 292.
LaTeX Font Info:    External font `cmex10' loaded for size
(Font)              <8> on input line 292.
LaTeX Font Info:    External font `cmex10' loaded for size
(Font)              <6> on input line 292.

/Users/dineshpalli/fleet/masterthesis/My_Masters_Thesis.tex:310: Misplaced alignment tab character &.
l.310 d(x_i, x_j)^2 &
                      \text{if } y_i = y_j \text{ and } x_j \text{ is one of...
I can't figure out why you would want to use a tab mark
here. If you just want an ampersand, the remedy is
simple: Just type `I\&' now. But if some right brace
up above has ended a previous alignment prematurely,
you're probably due for more error messages, and you
might try typing `S' now just to see what is salvageable.

/Users/dineshpalli/fleet/masterthesis/My_Masters_Thesis.tex:310: Undefined control sequence.
l.310 d(x_i, x_j)^2 & \text
                           {if } y_i = y_j \text{ and } x_j \text{ is one of...
The control sequence at the end of the top line
of your error message was never \def'ed. If you have
misspelled it (e.g., `\hobx'), type `I' and the correct
spelling (e.g., `I\hbox'). Otherwise just continue,
and I'll forget about whatever was undefined.

/Users/dineshpalli/fleet/masterthesis/My_Masters_Thesis.tex:310: Undefined control sequence.
l.310 d(x_i, x_j)^2 & \text{if } y_i = y_j \text
                                                { and } x_j \text{ is one of...
The control sequence at the end of the top line
of your error message was never \def'ed. If you have
misspelled it (e.g., `\hobx'), type `I' and the correct
spelling (e.g., `I\hbox'). Otherwise just continue,
and I'll forget about whatever was undefined.

/Users/dineshpalli/fleet/masterthesis/My_Masters_Thesis.tex:310: Undefined control sequence.
l.310 ...ext{if } y_i = y_j \text{ and } x_j \text
                                                  { is one of the K-NN of } ...
The control sequence at the end of the top line
of your error message was never \def'ed. If you have
misspelled it (e.g., `\hobx'), type `I' and the correct
spelling (e.g., `I\hbox'). Otherwise just continue,
and I'll forget about whatever was undefined.

/Users/dineshpalli/fleet/masterthesis/My_Masters_Thesis.tex:311: Misplaced alignment tab character &.
l.311 0 &
          \text{otherwise}
I can't figure out why you would want to use a tab mark
here. If you just want an ampersand, the remedy is
simple: Just type `I\&' now. But if some right brace
up above has ended a previous alignment prematurely,
you're probably due for more error messages, and you
might try typing `S' now just to see what is salvageable.

/Users/dineshpalli/fleet/masterthesis/My_Masters_Thesis.tex:311: Undefined control sequence.
l.311 0 & \text
               {otherwise}
The control sequence at the end of the top line
of your error message was never \def'ed. If you have
misspelled it (e.g., `\hobx'), type `I' and the correct
spelling (e.g., `I\hbox'). Otherwise just continue,
and I'll forget about whatever was undefined.

/Users/dineshpalli/fleet/masterthesis/My_Masters_Thesis.tex:324: Undefined control sequence.
l.324 \max_{W} \text
                    {tr}(W^T S_B W) / \text{tr}(W^T S_W W)
The control sequence at the end of the top line
of your error message was never \def'ed. If you have
misspelled it (e.g., `\hobx'), type `I' and the correct
spelling (e.g., `I\hbox'). Otherwise just continue,
and I'll forget about whatever was undefined.

/Users/dineshpalli/fleet/masterthesis/My_Masters_Thesis.tex:324: Undefined control sequence.
l.324 \max_{W} \text{tr}(W^T S_B W) / \text
                                           {tr}(W^T S_W W)
The control sequence at the end of the top line
of your error message was never \def'ed. If you have
misspelled it (e.g., `\hobx'), type `I' and the correct
spelling (e.g., `I\hbox'). Otherwise just continue,
and I'll forget about whatever was undefined.

/Users/dineshpalli/fleet/masterthesis/My_Masters_Thesis.tex:326: Undefined control sequence.
l.326 ...W\) is the transformation matrix, \(\text
                                                  {tr}(\cdot)\) denotes the ...
The control sequence at the end of the top line
of your error message was never \def'ed. If you have
misspelled it (e.g., `\hobx'), type `I' and the correct
spelling (e.g., `I\hbox'). Otherwise just continue,
and I'll forget about whatever was undefined.

[16]

Package natbib Warning: Citation `DBLP:journals/corr/HeZRS15' on page 17 undefined on input line 344.


Package natbib Warning: Citation `DBLP:journals/corr/HeZRS15' on page 17 undefined on input line 344.


Package natbib Warning: Citation `DBLP:journals/corr/HeZRS15' on page 17 undefined on input line 344.


Package natbib Warning: Citation `DBLP:journals/corr/HeZRS15' on page 17 undefined on input line 344.

[17]

Package natbib Warning: Citation `DBLP:journals/corr/HeZRS15' on page 18 undefined on input line 356.


Package natbib Warning: Citation `DBLP:journals/corr/HeZRS15' on page 18 undefined on input line 359.


Package natbib Warning: Citation `DBLP:journals/corr/HeZRS15' on page 18 undefined on input line 359.


Package natbib Warning: Citation `DBLP:journals/corr/HeZRS15' on page 18 undefined on input line 359.


Package natbib Warning: Citation `DBLP:journals/corr/HeZRS15' on page 18 undefined on input line 359.


Package natbib Warning: Citation `Pfaendler2023.01.16.524226' on page 18 undefined on input line 362.


Package natbib Warning: Citation `Pfaendler2023.01.16.524226' on page 18 undefined on input line 362.


Package natbib Warning: Citation `Pfaendler2023.01.16.524226' on page 18 undefined on input line 362.


Package natbib Warning: Citation `Pfaendler2023.01.16.524226' on page 18 undefined on input line 362.


Package natbib Warning: Citation `Pfaendler2023.01.16.524226' on page 18 undefined on input line 362.

[18{/usr/local/texlive/2023/texmf-dist/fonts/enc/dvips/cm-super/cm-super-ts1.enc}]

LaTeX Warning: File `DineshPalliMasterThesis/Figures/scDINO_working.png' not found on input line 366.


/Users/dineshpalli/fleet/masterthesis/My_Masters_Thesis.tex:366: Package pdftex.def Error: File `DineshPalliMasterThesis/Figures/scDINO_working.png' not found: using draft setting.

See the pdftex.def package documentation for explanation.
Type  H <return>  for immediate help.
 ...                                              
                                                  
l.366 ...iMasterThesis/Figures/scDINO_working.png}
                                                  
Try typing  <return>  to proceed.
If that doesn't work, type  X <return>  to quit.


Package natbib Warning: Citation `Pfaendler2023.01.16.524226' on page 19 undefined on input line 367.


Package natbib Warning: Citation `Pfaendler2023.01.16.524226' on page 19 undefined on input line 367.


Package natbib Warning: Citation `Pfaendler2023.01.16.524226' on page 19 undefined on input line 385.


Package natbib Warning: Citation `Pfaendler2023.01.16.524226' on page 19 undefined on input line 387.


Package natbib Warning: Citation `Pfaendler2023.01.16.524226' on page 19 undefined on input line 387.

[19] [20]

Package natbib Warning: Citation `WANG2022102559' on page 21 undefined on input line 393.


Package natbib Warning: Citation `WANG2022102559' on page 21 undefined on input line 393.


Package natbib Warning: Citation `WANG2022102559' on page 21 undefined on input line 393.


Package natbib Warning: Citation `WANG2022102559' on page 21 undefined on input line 393.

/Users/dineshpalli/fleet/masterthesis/My_Masters_Thesis.tex:407: Undefined control sequence.
l.407 \(\text
             {CELoss}(q, y)\) refers to the cross-entropy loss between the p...
The control sequence at the end of the top line
of your error message was never \def'ed. If you have
misspelled it (e.g., `\hobx'), type `I' and the correct
spelling (e.g., `I\hbox'). Otherwise just continue,
and I'll forget about whatever was undefined.

[21]

Package natbib Warning: Citation `ISBN_0521865719' on page 22 undefined on input line 417.


Package natbib Warning: Citation `ISBN_0521865719' on page 22 undefined on input line 417.

/Users/dineshpalli/fleet/masterthesis/My_Masters_Thesis.tex:420: Undefined control sequence.
l.420 \operatorname
                   {purity}(\Omega, \mathbb{C})=\frac{1}{N} \sum_k \max _j\l...
The control sequence at the end of the top line
of your error message was never \def'ed. If you have
misspelled it (e.g., `\hobx'), type `I' and the correct
spelling (e.g., `I\hbox'). Otherwise just continue,
and I'll forget about whatever was undefined.

/Users/dineshpalli/fleet/masterthesis/My_Masters_Thesis.tex:420: Undefined control sequence.
l.420 \operatorname{purity}(\Omega, \mathbb
                                           {C})=\frac{1}{N} \sum_k \max _j\l...
The control sequence at the end of the top line
of your error message was never \def'ed. If you have
misspelled it (e.g., `\hobx'), type `I' and the correct
spelling (e.g., `I\hbox'). Otherwise just continue,
and I'll forget about whatever was undefined.

/Users/dineshpalli/fleet/masterthesis/My_Masters_Thesis.tex:423: Undefined control sequence.
<recently read> \mathbb 
                        
l.423 ...ht\}$ is the set of clusters and $\mathbb
                                                  {C}=\left\{c_1, c_2, \ldot...
The control sequence at the end of the top line
of your error message was never \def'ed. If you have
misspelled it (e.g., `\hobx'), type `I' and the correct
spelling (e.g., `I\hbox'). Otherwise just continue,
and I'll forget about whatever was undefined.

[22]

Package natbib Warning: Citation `pca' on page 23 undefined on input line 440.


Package natbib Warning: Citation `umap' on page 23 undefined on input line 440.


LaTeX Warning: Reference `adata_scanpy' on page 23 undefined on input line 440.


Package natbib Warning: Citation `pca' on page 23 undefined on input line 440.


LaTeX Warning: Reference `multifig1:overall_figure' on page 23 undefined on input line 440.


LaTeX Warning: File `DineshPalliMasterThesis/Figures/salmonella_clusters_before_DML.png' not found on input line 445.


/Users/dineshpalli/fleet/masterthesis/My_Masters_Thesis.tex:445: Package pdftex.def Error: File `DineshPalliMasterThesis/Figures/salmonella_clusters_before_DML.png' not found: using draft setting.

See the pdftex.def package documentation for explanation.
Type  H <return>  for immediate help.
 ...                                              
                                                  
l.445 ...gures/salmonella_clusters_before_DML.png}
                                                  
Try typing  <return>  to proceed.
If that doesn't work, type  X <return>  to quit.


LaTeX Warning: File `DineshPalliMasterThesis/Figures/plankton_clusters_before_DML.png' not found on input line 451.


/Users/dineshpalli/fleet/masterthesis/My_Masters_Thesis.tex:451: Package pdftex.def Error: File `DineshPalliMasterThesis/Figures/plankton_clusters_before_DML.png' not found: using draft setting.

See the pdftex.def package documentation for explanation.
Type  H <return>  for immediate help.
 ...                                              
                                                  
l.451 ...Figures/plankton_clusters_before_DML.png}
                                                  
Try typing  <return>  to proceed.
If that doesn't work, type  X <return>  to quit.


LaTeX Warning: File `DineshPalliMasterThesis/Figures/cellcycle_clusters_before_DML.png' not found on input line 457.


/Users/dineshpalli/fleet/masterthesis/My_Masters_Thesis.tex:457: Package pdftex.def Error: File `DineshPalliMasterThesis/Figures/cellcycle_clusters_before_DML.png' not found: using draft setting.

See the pdftex.def package documentation for explanation.
Type  H <return>  for immediate help.
 ...                                              
                                                  
l.457 ...igures/cellcycle_clusters_before_DML.png}
                                                  
Try typing  <return>  to proceed.
If that doesn't work, type  X <return>  to quit.


LaTeX Warning: Float too large for page by 835.20457pt on input line 463.


LaTeX Warning: Reference `clustersafterscaling' on page 23 undefined on input line 474.


LaTeX Warning: Reference `multifig2:overall_figure' on page 23 undefined on input line 474.


LaTeX Warning: File `DineshPalliMasterThesis/Figures/phytoplanktonclusterseparationafterscaling.png' not found on input line 478.


/Users/dineshpalli/fleet/masterthesis/My_Masters_Thesis.tex:478: Package pdftex.def Error: File `DineshPalliMasterThesis/Figures/phytoplanktonclusterseparationafterscaling.png' not found: using draft setting.

See the pdftex.def package documentation for explanation.
Type  H <return>  for immediate help.
 ...                                              
                                                  
l.478 ...lanktonclusterseparationafterscaling.png}
                                                  
Try typing  <return>  to proceed.
If that doesn't work, type  X <return>  to quit.


LaTeX Warning: Reference `multifig1:image_b' on page 23 undefined on input line 479.


LaTeX Warning: Reference `multifig1:image_b' on page 23 undefined on input line 479.


LaTeX Warning: File `DineshPalliMasterThesis/Figures/maxintensitymembranestain_fitc_scaledandunscaled_planktondata.png' not found on input line 486.


/Users/dineshpalli/fleet/masterthesis/My_Masters_Thesis.tex:486: Package pdftex.def Error: File `DineshPalliMasterThesis/Figures/maxintensitymembranestain_fitc_scaledandunscaled_planktondata.png' not found: using draft setting.

See the pdftex.def package documentation for explanation.
Type  H <return>  for immediate help.
 ...                                              
                                                  
l.486 ..._fitc_scaledandunscaled_planktondata.png}
                                                  
Try typing  <return>  to proceed.
If that doesn't work, type  X <return>  to quit.


LaTeX Warning: File `DineshPalliMasterThesis/Figures/fitc-h_scaledandunscaled_planktondata.png' not found on input line 492.


/Users/dineshpalli/fleet/masterthesis/My_Masters_Thesis.tex:492: Package pdftex.def Error: File `DineshPalliMasterThesis/Figures/fitc-h_scaledandunscaled_planktondata.png' not found: using draft setting.

See the pdftex.def package documentation for explanation.
Type  H <return>  for immediate help.
 ...                                              
                                                  
l.492 ...itc-h_scaledandunscaled_planktondata.png}
                                                  
Try typing  <return>  to proceed.
If that doesn't work, type  X <return>  to quit.


LaTeX Warning: Reference `multifig3:overall_figure' on page 23 undefined on input line 500.


LaTeX Warning: File `DineshPalliMasterThesis/Figures/clustersmixedafterscalingsalmonella.png' not found on input line 505.


/Users/dineshpalli/fleet/masterthesis/My_Masters_Thesis.tex:505: Package pdftex.def Error: File `DineshPalliMasterThesis/Figures/clustersmixedafterscalingsalmonella.png' not found: using draft setting.

See the pdftex.def package documentation for explanation.
Type  H <return>  for immediate help.
 ...                                              
                                                  
l.505 .../clustersmixedafterscalingsalmonella.png}
                                                  
Try typing  <return>  to proceed.
If that doesn't work, type  X <return>  to quit.


LaTeX Warning: File `DineshPalliMasterThesis/Figures/clustersmixedafterscalingplankton.png' not found on input line 511.


/Users/dineshpalli/fleet/masterthesis/My_Masters_Thesis.tex:511: Package pdftex.def Error: File `DineshPalliMasterThesis/Figures/clustersmixedafterscalingplankton.png' not found: using draft setting.

See the pdftex.def package documentation for explanation.
Type  H <return>  for immediate help.
 ...                                              
                                                  
l.511 ...es/clustersmixedafterscalingplankton.png}
                                                  
Try typing  <return>  to proceed.
If that doesn't work, type  X <return>  to quit.


Package natbib Warning: Citation `pca' on page 23 undefined on input line 523.

[23] [24] [25] [26]

LaTeX Warning: Reference `tab:performanceofDML' on page 27 undefined on input line 525.


LaTeX Warning: Reference `cp' on page 27 undefined on input line 531.


LaTeX Warning: Reference `cp' on page 27 undefined on input line 531.

LaTeX Font Info:    External font `cmex10' loaded for size
(Font)              <10.95> on input line 533.

LaTeX Warning: Reference `multifig4:DML_Clusters' on page 27 undefined on input line 565.


LaTeX Warning: File `DineshPalliMasterThesis/Figures/salmonellaclustering_afternca.png' not found on input line 570.


/Users/dineshpalli/fleet/masterthesis/My_Masters_Thesis.tex:570: Package pdftex.def Error: File `DineshPalliMasterThesis/Figures/salmonellaclustering_afternca.png' not found: using draft setting.

See the pdftex.def package documentation for explanation.
Type  H <return>  for immediate help.
 ...                                              
                                                  
l.570 ...igures/salmonellaclustering_afternca.png}
                                                  
Try typing  <return>  to proceed.
If that doesn't work, type  X <return>  to quit.


LaTeX Warning: File `DineshPalliMasterThesis/Figures/planktonclustering_afternca.png' not found on input line 576.


/Users/dineshpalli/fleet/masterthesis/My_Masters_Thesis.tex:576: Package pdftex.def Error: File `DineshPalliMasterThesis/Figures/planktonclustering_afternca.png' not found: using draft setting.

See the pdftex.def package documentation for explanation.
Type  H <return>  for immediate help.
 ...                                              
                                                  
l.576 .../Figures/planktonclustering_afternca.png}
                                                  
Try typing  <return>  to proceed.
If that doesn't work, type  X <return>  to quit.


LaTeX Warning: File `DineshPalliMasterThesis/Figures/cellcycleclustering_afternca.png' not found on input line 582.


/Users/dineshpalli/fleet/masterthesis/My_Masters_Thesis.tex:582: Package pdftex.def Error: File `DineshPalliMasterThesis/Figures/cellcycleclustering_afternca.png' not found: using draft setting.

See the pdftex.def package documentation for explanation.
Type  H <return>  for immediate help.
 ...                                              
                                                  
l.582 ...Figures/cellcycleclustering_afternca.png}
                                                  
Try typing  <return>  to proceed.
If that doesn't work, type  X <return>  to quit.


LaTeX Warning: Float too large for page by 811.20457pt on input line 588.


LaTeX Warning: Reference `multifig5:mergeddataset_clusters' on page 27 undefined on input line 591.


LaTeX Warning: Reference `tab:DMLonmergeddataset' on page 27 undefined on input line 591.


LaTeX Warning: File `DineshPalliMasterThesis/Figures/mergeddataset_salmonella.png' not found on input line 597.


/Users/dineshpalli/fleet/masterthesis/My_Masters_Thesis.tex:597: Package pdftex.def Error: File `DineshPalliMasterThesis/Figures/mergeddataset_salmonella.png' not found: using draft setting.

See the pdftex.def package documentation for explanation.
Type  H <return>  for immediate help.
 ...                                              
                                                  
l.597 ...sis/Figures/mergeddataset_salmonella.png}
                                                  
Try typing  <return>  to proceed.
If that doesn't work, type  X <return>  to quit.


LaTeX Warning: File `DineshPalliMasterThesis/Figures/mergeddataset_plankton_newlabel.png' not found on input line 603.


/Users/dineshpalli/fleet/masterthesis/My_Masters_Thesis.tex:603: Package pdftex.def Error: File `DineshPalliMasterThesis/Figures/mergeddataset_plankton_newlabel.png' not found: using draft setting.

See the pdftex.def package documentation for explanation.
Type  H <return>  for immediate help.
 ...                                              
                                                  
l.603 ...ures/mergeddataset_plankton_newlabel.png}
                                                  
Try typing  <return>  to proceed.
If that doesn't work, type  X <return>  to quit.


LaTeX Warning: File `DineshPalliMasterThesis/Figures/mergeddataset_cellcycle.png' not found on input line 609.


/Users/dineshpalli/fleet/masterthesis/My_Masters_Thesis.tex:609: Package pdftex.def Error: File `DineshPalliMasterThesis/Figures/mergeddataset_cellcycle.png' not found: using draft setting.

See the pdftex.def package documentation for explanation.
Type  H <return>  for immediate help.
 ...                                              
                                                  
l.609 ...esis/Figures/mergeddataset_cellcycle.png}
                                                  
Try typing  <return>  to proceed.
If that doesn't work, type  X <return>  to quit.


LaTeX Warning: Float too large for page by 835.20457pt on input line 615.


LaTeX Warning: Reference `cp' on page 27 undefined on input line 621.


LaTeX Warning: Reference `cp' on page 27 undefined on input line 621.

[27] [28] [29]

LaTeX Warning: Reference `tab:performanceofdl' on page 30 undefined on input line 638.


LaTeX Warning: Reference `multifig6:Outoftheboxclusters' on page 30 undefined on input line 638.


LaTeX Warning: Reference `cp' on page 30 undefined on input line 646.


LaTeX Warning: Reference `cp' on page 30 undefined on input line 646.

LaTeX Font Info:    External font `cmex10' loaded for size
(Font)              <5> on input line 648.

Underfull \hbox (badness 10000) in paragraph at lines 650--650
[]|\OT1/cmr/bx/n/10 Deep
 []


Underfull \hbox (badness 10000) in paragraph at lines 650--650
\OT1/cmr/bx/n/10 Learn-ing
 []


Underfull \hbox (badness 10000) in paragraph at lines 657--657
[]|\OT1/cmr/m/n/10 scDINO
 []


Overfull \hbox (25.19847pt too wide) in paragraph at lines 648--660
 [][] 
 []


LaTeX Warning: File `DineshPalliMasterThesis/Figures/outoftheboxscDINOpostNCA_salmonella.png' not found on input line 667.


/Users/dineshpalli/fleet/masterthesis/My_Masters_Thesis.tex:667: Package pdftex.def Error: File `DineshPalliMasterThesis/Figures/outoftheboxscDINOpostNCA_salmonella.png' not found: using draft setting.

See the pdftex.def package documentation for explanation.
Type  H <return>  for immediate help.
 ...                                              
                                                  
l.667 .../outoftheboxscDINOpostNCA_salmonella.png}
                                                  
Try typing  <return>  to proceed.
If that doesn't work, type  X <return>  to quit.


LaTeX Warning: File `DineshPalliMasterThesis/Figures/outoftheboxscDINOpostNCA_plankton_nooverlap.png' not found on input line 673.


/Users/dineshpalli/fleet/masterthesis/My_Masters_Thesis.tex:673: Package pdftex.def Error: File `DineshPalliMasterThesis/Figures/outoftheboxscDINOpostNCA_plankton_nooverlap.png' not found: using draft setting.

See the pdftex.def package documentation for explanation.
Type  H <return>  for immediate help.
 ...                                              
                                                  
l.673 ...eboxscDINOpostNCA_plankton_nooverlap.png}
                                                  
Try typing  <return>  to proceed.
If that doesn't work, type  X <return>  to quit.


LaTeX Warning: File `DineshPalliMasterThesis/Figures/outoftheboxscDINOpostNCA_cellcycle.png' not found on input line 679.


/Users/dineshpalli/fleet/masterthesis/My_Masters_Thesis.tex:679: Package pdftex.def Error: File `DineshPalliMasterThesis/Figures/outoftheboxscDINOpostNCA_cellcycle.png' not found: using draft setting.

See the pdftex.def package documentation for explanation.
Type  H <return>  for immediate help.
 ...                                              
                                                  
l.679 ...s/outoftheboxscDINOpostNCA_cellcycle.png}
                                                  
Try typing  <return>  to proceed.
If that doesn't work, type  X <return>  to quit.


LaTeX Warning: Float too large for page by 835.20457pt on input line 685.


LaTeX Warning: Reference `trainingloss:scDINO' on page 30 undefined on input line 691.


LaTeX Warning: Reference `multifig7:ClustersaftertrainingscDINO' on page 30 undefined on input line 691.


LaTeX Warning: Reference `tab:aftertrainingperformanceofscDINO' on page 30 undefined on input line 691.

[30] [31]

LaTeX Warning: File `DineshPalliMasterThesis/Figures/scDINOlossduringtrainingsalmonellawithna.png' not found on input line 697.


/Users/dineshpalli/fleet/masterthesis/My_Masters_Thesis.tex:697: Package pdftex.def Error: File `DineshPalliMasterThesis/Figures/scDINOlossduringtrainingsalmonellawithna.png' not found: using draft setting.

See the pdftex.def package documentation for explanation.
Type  H <return>  for immediate help.
 ...                                              
                                                  
l.697 ...NOlossduringtrainingsalmonellawithna.png}
                                                  
Try typing  <return>  to proceed.
If that doesn't work, type  X <return>  to quit.


LaTeX Warning: File `DineshPalliMasterThesis/Figures/scDINOlossduringtrainingplankton.png' not found on input line 703.


/Users/dineshpalli/fleet/masterthesis/My_Masters_Thesis.tex:703: Package pdftex.def Error: File `DineshPalliMasterThesis/Figures/scDINOlossduringtrainingplankton.png' not found: using draft setting.

See the pdftex.def package documentation for explanation.
Type  H <return>  for immediate help.
 ...                                              
                                                  
l.703 ...res/scDINOlossduringtrainingplankton.png}
                                                  
Try typing  <return>  to proceed.
If that doesn't work, type  X <return>  to quit.


LaTeX Warning: File `DineshPalliMasterThesis/Figures/scDINOlossduringtrainingcellcycle.png' not found on input line 709.


/Users/dineshpalli/fleet/masterthesis/My_Masters_Thesis.tex:709: Package pdftex.def Error: File `DineshPalliMasterThesis/Figures/scDINOlossduringtrainingcellcycle.png' not found: using draft setting.

See the pdftex.def package documentation for explanation.
Type  H <return>  for immediate help.
 ...                                              
                                                  
l.709 ...es/scDINOlossduringtrainingcellcycle.png}
                                                  
Try typing  <return>  to proceed.
If that doesn't work, type  X <return>  to quit.


LaTeX Warning: Float too large for page by 152.0031pt on input line 715.


LaTeX Warning: File `DineshPalliMasterThesis/Figures/scDINOaftertrainingafterNCA_salmonella.png' not found on input line 722.


/Users/dineshpalli/fleet/masterthesis/My_Masters_Thesis.tex:722: Package pdftex.def Error: File `DineshPalliMasterThesis/Figures/scDINOaftertrainingafterNCA_salmonella.png' not found: using draft setting.

See the pdftex.def package documentation for explanation.
Type  H <return>  for immediate help.
 ...                                              
                                                  
l.722 ...DINOaftertrainingafterNCA_salmonella.png}
                                                  
Try typing  <return>  to proceed.
If that doesn't work, type  X <return>  to quit.


LaTeX Warning: File `DineshPalliMasterThesis/Figures/scDINOaftertrainingafterNCA_plankton.png' not found on input line 728.


/Users/dineshpalli/fleet/masterthesis/My_Masters_Thesis.tex:728: Package pdftex.def Error: File `DineshPalliMasterThesis/Figures/scDINOaftertrainingafterNCA_plankton.png' not found: using draft setting.

See the pdftex.def package documentation for explanation.
Type  H <return>  for immediate help.
 ...                                              
                                                  
l.728 ...scDINOaftertrainingafterNCA_plankton.png}
                                                  
Try typing  <return>  to proceed.
If that doesn't work, type  X <return>  to quit.


LaTeX Warning: File `DineshPalliMasterThesis/Figures/scDINOaftertrainingafterNCA_cellcycle_new.png' not found on input line 734.


/Users/dineshpalli/fleet/masterthesis/My_Masters_Thesis.tex:734: Package pdftex.def Error: File `DineshPalliMasterThesis/Figures/scDINOaftertrainingafterNCA_cellcycle_new.png' not found: using draft setting.

See the pdftex.def package documentation for explanation.
Type  H <return>  for immediate help.
 ...                                              
                                                  
l.734 ...OaftertrainingafterNCA_cellcycle_new.png}
                                                  
Try typing  <return>  to proceed.
If that doesn't work, type  X <return>  to quit.


LaTeX Warning: Float too large for page by 835.20457pt on input line 740.


LaTeX Warning: Reference `cp' on page 32 undefined on input line 744.


LaTeX Warning: Reference `cp' on page 32 undefined on input line 744.

[32] [33] [34] (./chapters/discussion.tex)

LaTeX Warning: Reference `multifig3:overall_figure' on page 35 undefined on input line 784.


Package natbib Warning: Citation `WOS:A1974T155500001' on page 35 undefined on input line 784.


Package natbib Warning: Citation `benson_mcdougal_coffey_1984' on page 35 undefined on input line 784.


LaTeX Warning: Reference `multifig1:overall_figure' on page 35 undefined on input line 786.


LaTeX Warning: Reference `clustersafterscaling' on page 35 undefined on input line 786.

[35]

Package natbib Warning: Citation `HarrisonPaul' on page 36 undefined on input line 788.


Package natbib Warning: Citation `fbrega_vila_2013' on page 36 undefined on input line 788.


LaTeX Warning: Reference `multifig1:image_a' on page 36 undefined on input line 788.


Package natbib Warning: Citation `NCA' on page 36 undefined on input line 795.

[36]

LaTeX Warning: Reference `multifig5:mergeddataset_clusters' on page 37 undefined on input line 797.


LaTeX Warning: Reference `tab:DMLonmergeddataset' on page 37 undefined on input line 797.


LaTeX Warning: Reference `tab:performanceofdl' on page 37 undefined on input line 799.


LaTeX Warning: Reference `scdinoworking' on page 37 undefined on input line 799.

[37]

LaTeX Warning: Reference `multifig7:ClustersaftertrainingscDINO' on page 38 undefined on input line 803.

[38]

Package natbib Warning: Citation `silhouettecoefficient' on page 39 undefined on input line 809.


Package natbib Warning: Citation `silhouettecoefficient' on page 39 undefined on input line 839.


Package natbib Warning: Citation `koch2015siamese' on page 39 undefined on input line 842.


Package natbib Warning: Citation `xu2018variational' on page 39 undefined on input line 842.


Package natbib Warning: Citation `caron2021emerging' on page 39 undefined on input line 842.


Package natbib Warning: Citation `chen2023dinov2' on page 39 undefined on input line 842.

[39]

Package natbib Warning: Citation `bengio2009curriculum' on page 40 undefined on input line 866.

[40]
/Users/dineshpalli/fleet/masterthesis/My_Masters_Thesis.tex:898: Undefined control sequence.
l.898 \RaggedRight
                  
The control sequence at the end of the top line
of your error message was never \def'ed. If you have
misspelled it (e.g., `\hobx'), type `I' and the correct
spelling (e.g., `I\hbox'). Otherwise just continue,
and I'll forget about whatever was undefined.

(./My_Masters_Thesis.bbl
Underfull \hbox (badness 10000) in paragraph at lines 29--32
[]\OT1/cmr/m/n/12 Fundamentals of Flow Cy-tom-e-try | AAT Bio-quest --- aat-
 []


Underfull \hbox (badness 10000) in paragraph at lines 29--32
\OT1/cmr/m/n/12 bio.com.  [][]$\OT1/cmtt/m/n/12 https : / / www . aatbio . com / resources / assaywise / 2019-[]8-[]1 /
 []

[41]
./My_Masters_Thesis.bbl:86: Misplaced alignment tab character &.
l.86 ...ersity Press, Cambridge University Press &
                                                   Assessment Shaftesbury Ro...
I can't figure out why you would want to use a tab mark
here. If you just want an ampersand, the remedy is
simple: Just type `I\&' now. But if some right brace
up above has ended a previous alignment prematurely,
you're probably due for more error messages, and you
might try typing `S' now just to see what is salvageable.

./My_Masters_Thesis.bbl:91: Misplaced alignment tab character &.
l.91 \newblock {\em Computers &
                                Geosciences}, 19(3):303--342, 1993.
I can't figure out why you would want to use a tab mark
here. If you just want an ampersand, the remedy is
simple: Just type `I\&' now. But if some right brace
up above has ended a previous alignment prematurely,
you're probably due for more error messages, and you
might try typing `S' now just to see what is salvageable.


Underfull \hbox (badness 1199) in paragraph at lines 118--121
[]\OT1/cmr/m/n/12 John Chiotel-lis William de Vazel-hes.  Neigh-bour-hood Com-po-nents Anal-y-sis.
 []


Underfull \hbox (badness 10000) in paragraph at lines 118--121
[][]$\OT1/cmtt/m/n/12 https : / / scikit-[]learn . org / stable / modules / generated / sklearn . neighbors .
 []

[42]) [43] [44] [45]

pdfTeX warning: pdflatex (file ./Attachments/master_thesis_last_page.pdf): PDF inclusion: found PDF version <1.6>, but at most version <1.5> allowed
<Attachments/master_thesis_last_page.pdf, id=370, 597.79335pt x 845.19763pt>
File: Attachments/master_thesis_last_page.pdf Graphic file (type pdf)
<use Attachments/master_thesis_last_page.pdf>
Package pdftex.def Info: Attachments/master_thesis_last_page.pdf  used on input line 927.
(pdftex.def)             Requested size: 597.79189pt x 845.19557pt.


pdfTeX warning: pdflatex (file ./Attachments/master_thesis_last_page.pdf): PDF inclusion: found PDF version <1.6>, but at most version <1.5> allowed
File: Attachments/master_thesis_last_page.pdf Graphic file (type pdf)
<use Attachments/master_thesis_last_page.pdf>
Package pdftex.def Info: Attachments/master_thesis_last_page.pdf  used on input line 927.
(pdftex.def)             Requested size: 597.79189pt x 845.19557pt.


pdfTeX warning: pdflatex (file ./Attachments/master_thesis_last_page.pdf): PDF inclusion: found PDF version <1.6>, but at most version <1.5> allowed


pdfTeX warning: pdflatex (file ./Attachments/master_thesis_last_page.pdf): PDF inclusion: found PDF version <1.6>, but at most version <1.5> allowed
<Attachments/master_thesis_last_page.pdf, id=373, page=1, 597.79335pt x 845.19763pt>
File: Attachments/master_thesis_last_page.pdf Graphic file (type pdf)
<use Attachments/master_thesis_last_page.pdf, page 1>
Package pdftex.def Info: Attachments/master_thesis_last_page.pdf , page1 used on input line 927.
(pdftex.def)             Requested size: 597.79189pt x 845.19557pt.
File: Attachments/master_thesis_last_page.pdf Graphic file (type pdf)
<use Attachments/master_thesis_last_page.pdf, page 1>
Package pdftex.def Info: Attachments/master_thesis_last_page.pdf , page1 used on input line 927.
(pdftex.def)             Requested size: 597.81924pt x 845.23425pt.
File: Attachments/master_thesis_last_page.pdf Graphic file (type pdf)
<use Attachments/master_thesis_last_page.pdf, page 1>
Package pdftex.def Info: Attachments/master_thesis_last_page.pdf , page1 used on input line 927.
(pdftex.def)             Requested size: 597.81924pt x 845.23425pt.
File: Attachments/master_thesis_last_page.pdf Graphic file (type pdf)
<use Attachments/master_thesis_last_page.pdf, page 1>
Package pdftex.def Info: Attachments/master_thesis_last_page.pdf , page1 used on input line 927.
(pdftex.def)             Requested size: 597.81924pt x 845.23425pt.
File: Attachments/master_thesis_last_page.pdf Graphic file (type pdf)
<use Attachments/master_thesis_last_page.pdf, page 1>
Package pdftex.def Info: Attachments/master_thesis_last_page.pdf , page1 used on input line 927.
(pdftex.def)             Requested size: 597.81924pt x 845.23425pt.
[46

 <./Attachments/master_thesis_last_page.pdf>]

Package natbib Warning: There were undefined citations.

(./My_Masters_Thesis.aux

Package natbib Warning: Citation(s) may have changed.
(natbib)                Rerun to get citations correct.

)

LaTeX Warning: There were undefined references.


LaTeX Warning: Label(s) may have changed. Rerun to get cross-references right.


Package rerunfilecheck Warning: File `My_Masters_Thesis.out' has changed.
(rerunfilecheck)                Rerun to get outlines right
(rerunfilecheck)                or use package `bookmark'.

Package rerunfilecheck Info: Checksums for `My_Masters_Thesis.out':
(rerunfilecheck)             Before: <no file>
(rerunfilecheck)             After:  A10D9D5D4FAC9B3361733E3E0CC99BAA;7515.
 ) 
Here is how much of TeX's memory you used:
 15848 strings out of 476025
 339474 string characters out of 5790017
 1864388 words of memory out of 5000000
 35819 multiletter control sequences out of 15000+600000
 521367 words of font info for 62 fonts, out of 8000000 for 9000
 1141 hyphenation exceptions out of 8191
 94i,17n,92p,2511b,609s stack positions out of 10000i,1000n,20000p,200000b,200000s
</usr/local/texlive/2023/texmf-dist/fonts/type1/public/amsfonts/cm/cmbx10.pfb></usr/local/texlive/2023/texmf-dist/fonts/type1/public/amsfonts/cm/cmbx12.pfb></usr/local/texlive/2023/texmf-dist/fonts/type1/public/amsfonts/cm/cmbxti10.pfb></usr/local/texlive/2023/texmf-dist/fonts/type1/public/amsfonts/cm/cmex10.pfb></usr/local/texlive/2023/texmf-dist/fonts/type1/public/amsfonts/cm/cmmi12.pfb></usr/local/texlive/2023/texmf-dist/fonts/type1/public/amsfonts/cm/cmmi6.pfb></usr/local/texlive/2023/texmf-dist/fonts/type1/public/amsfonts/cm/cmmi8.pfb></usr/local/texlive/2023/texmf-dist/fonts/type1/public/amsfonts/cm/cmr10.pfb></usr/local/texlive/2023/texmf-dist/fonts/type1/public/amsfonts/cm/cmr12.pfb></usr/local/texlive/2023/texmf-dist/fonts/type1/public/amsfonts/cm/cmr17.pfb></usr/local/texlive/2023/texmf-dist/fonts/type1/public/amsfonts/cm/cmr8.pfb></usr/local/texlive/2023/texmf-dist/fonts/type1/public/amsfonts/cm/cmsy10.pfb></usr/local/texlive/2023/texmf-dist/fonts/type1/public/amsfonts/cm/cmsy6.pfb></usr/local/texlive/2023/texmf-dist/fonts/type1/public/amsfonts/cm/cmsy8.pfb></usr/local/texlive/2023/texmf-dist/fonts/type1/public/amsfonts/cm/cmti10.pfb></usr/local/texlive/2023/texmf-dist/fonts/type1/public/amsfonts/cm/cmti12.pfb></usr/local/texlive/2023/texmf-dist/fonts/type1/public/amsfonts/cm/cmtt12.pfb></usr/local/texlive/2023/texmf-dist/fonts/type1/public/cm-super/sfrm1200.pfb>
Output written on My_Masters_Thesis.pdf (51 pages, 542210 bytes).
PDF statistics:
 545 PDF objects out of 1000 (max. 8388607)
 415 compressed objects within 5 object streams
 144 named destinations out of 1000 (max. 500000)
 53 words of extra memory for PDF output out of 10000 (max. 10000000)

